<?xml version="1.0" encoding="UTF-8"?>
<coverage generated="1788251229150" clover="3.2.0">
  <project timestamp="1788251229150" name="All files">
    <metrics statements="21" coveredstatements="15" conditionals="22" coveredconditionals="20" methods="3" coveredmethods="2" elements="46" coveredelements="37" complexity="0" loc="21" ncloc="21" packages="1" files="2" classes="2"/>
    <file name="card-movie.js" path="D:\Diplom_project_eduson\script\card-movie.js">
      <metrics statements="20" coveredstatements="14" conditionals="22" coveredconditionals="20" methods="3" coveredmethods="2"/>
      <line num="4" count="18" type="cond" truecount="5" falsecount="0"/>
      <line num="5" count="3" type="stmt"/>
      <line num="7" count="15" type="stmt"/>
      <line num="8" count="15" type="cond" truecount="2" falsecount="0"/>
      <line num="9" count="1" type="stmt"/>
      <line num="11" count="14" type="stmt"/>
      <line num="12" count="30" type="stmt"/>
      <line num="14" count="30" type="cond" truecount="4" falsecount="0"/>
      <line num="15" count="12" type="stmt"/>
      <line num="18" count="2" type="stmt"/>
      <line num="21" count="4" type="stmt"/>
      <line num="22" count="4" type="stmt"/>
      <line num="32" count="4" type="cond" truecount="1" falsecount="2"/>
      <line num="33" count="4" type="stmt"/>
      <line num="36" count="0" type="stmt"/>
      <line num="37" count="0" type="stmt"/>
      <line num="39" count="0" type="stmt"/>
      <line num="40" count="0" type="stmt"/>
      <line num="42" count="0" type="stmt"/>
      <line num="43" count="0" type="stmt"/>
    </file>
    <file name="colorRatingDiapazon.js" path="D:\Diplom_project_eduson\script\colorRatingDiapazon.js">
      <metrics statements="1" coveredstatements="1" conditionals="0" coveredconditionals="0" methods="0" coveredmethods="0"/>
      <line num="1" count="1" type="stmt"/>
    </file>
  </project>
</coverage>
