{"D:\\Diplom_project_eduson\\script\\card-movie.js": {"path":"D:\\Diplom_project_eduson\\script\\card-movie.js","statementMap":{"0":{"start":{"line":4,"column":2},"end":{"line":6,"column":3}},"1":{"start":{"line":5,"column":4},"end":{"line":5,"column":21}},"2":{"start":{"line":7,"column":20},"end":{"line":7,"column":34}},"3":{"start":{"line":8,"column":2},"end":{"line":10,"column":3}},"4":{"start":{"line":9,"column":4},"end":{"line":9,"column":21}},"5":{"start":{"line":11,"column":2},"end":{"line":17,"column":3}},"6":{"start":{"line":12,"column":29},"end":{"line":12,"column":34}},"7":{"start":{"line":14,"column":4},"end":{"line":16,"column":5}},"8":{"start":{"line":15,"column":6},"end":{"line":15,"column":19}},"9":{"start":{"line":18,"column":2},"end":{"line":18,"column":19}},"10":{"start":{"line":21,"column":20},"end":{"line":21,"column":47}},"11":{"start":{"line":22,"column":2},"end":{"line":31,"column":4}},"12":{"start":{"line":32,"column":2},"end":{"line":32,"column":85}},"13":{"start":{"line":33,"column":2},"end":{"line":33,"column":19}},"14":{"start":{"line":36,"column":25},"end":{"line":36,"column":54}},"15":{"start":{"line":37,"column":2},"end":{"line":37,"column":45}},"16":{"start":{"line":39,"column":23},"end":{"line":39,"column":52}},"17":{"start":{"line":40,"column":2},"end":{"line":40,"column":27}},"18":{"start":{"line":42,"column":2},"end":{"line":42,"column":43}},"19":{"start":{"line":43,"column":2},"end":{"line":43,"column":24}}},"fnMap":{"0":{"name":"getDynamicColor","decl":{"start":{"line":3,"column":16},"end":{"line":3,"column":31}},"loc":{"start":{"line":3,"column":40},"end":{"line":19,"column":1}},"line":3},"1":{"name":"createMovieCard","decl":{"start":{"line":20,"column":16},"end":{"line":20,"column":31}},"loc":{"start":{"line":20,"column":39},"end":{"line":34,"column":1}},"line":20},"2":{"name":"slideImage","decl":{"start":{"line":35,"column":16},"end":{"line":35,"column":26}},"loc":{"start":{"line":35,"column":34},"end":{"line":44,"column":1}},"line":35}},"branchMap":{"0":{"loc":{"start":{"line":4,"column":2},"end":{"line":6,"column":3}},"type":"if","locations":[{"start":{"line":4,"column":2},"end":{"line":6,"column":3}},{"start":{},"end":{}}],"line":4},"1":{"loc":{"start":{"line":4,"column":6},"end":{"line":4,"column":62}},"type":"binary-expr","locations":[{"start":{"line":4,"column":6},"end":{"line":4,"column":21}},{"start":{"line":4,"column":25},"end":{"line":4,"column":45}},{"start":{"line":4,"column":49},"end":{"line":4,"column":62}}],"line":4},"2":{"loc":{"start":{"line":8,"column":2},"end":{"line":10,"column":3}},"type":"if","locations":[{"start":{"line":8,"column":2},"end":{"line":10,"column":3}},{"start":{},"end":{}}],"line":8},"3":{"loc":{"start":{"line":14,"column":4},"end":{"line":16,"column":5}},"type":"if","locations":[{"start":{"line":14,"column":4},"end":{"line":16,"column":5}},{"start":{},"end":{}}],"line":14},"4":{"loc":{"start":{"line":14,"column":8},"end":{"line":14,"column":50}},"type":"binary-expr","locations":[{"start":{"line":14,"column":8},"end":{"line":14,"column":27}},{"start":{"line":14,"column":31},"end":{"line":14,"column":50}}],"line":14},"5":{"loc":{"start":{"line":24,"column":77},"end":{"line":24,"column":114}},"type":"binary-expr","locations":[{"start":{"line":24,"column":77},"end":{"line":24,"column":89}},{"start":{"line":24,"column":93},"end":{"line":24,"column":114}}],"line":24},"6":{"loc":{"start":{"line":25,"column":17},"end":{"line":25,"column":63}},"type":"binary-expr","locations":[{"start":{"line":25,"column":17},"end":{"line":25,"column":29}},{"start":{"line":25,"column":33},"end":{"line":25,"column":54}},{"start":{"line":25,"column":58},"end":{"line":25,"column":63}}],"line":25},"7":{"loc":{"start":{"line":28,"column":17},"end":{"line":28,"column":57}},"type":"binary-expr","locations":[{"start":{"line":28,"column":17},"end":{"line":28,"column":29}},{"start":{"line":28,"column":33},"end":{"line":28,"column":51}},{"start":{"line":28,"column":55},"end":{"line":28,"column":57}}],"line":28},"8":{"loc":{"start":{"line":32,"column":43},"end":{"line":32,"column":82}},"type":"binary-expr","locations":[{"start":{"line":32,"column":43},"end":{"line":32,"column":55}},{"start":{"line":32,"column":59},"end":{"line":32,"column":76}},{"start":{"line":32,"column":80},"end":{"line":32,"column":82}}],"line":32}},"s":{"0":18,"1":3,"2":15,"3":15,"4":1,"5":14,"6":30,"7":30,"8":12,"9":2,"10":4,"11":4,"12":4,"13":4,"14":0,"15":0,"16":0,"17":0,"18":0,"19":0},"f":{"0":18,"1":4,"2":0},"b":{"0":[3,15],"1":[18,16,15],"2":[1,14],"3":[12,18],"4":[30,27],"5":[4,2],"6":[4,2,1],"7":[4,2,1],"8":[4,0,0]},"_coverageSchema":"1a1c01bbd47fc00a2c39e90264f33305004495a9","hash":"6ff768533a9bae70562b785351d03b8b6a611300"}
,"D:\\Diplom_project_eduson\\script\\colorRatingDiapazon.js": {"path":"D:\\Diplom_project_eduson\\script\\colorRatingDiapazon.js","statementMap":{"0":{"start":{"line":1,"column":31},"end":{"line":5,"column":2}}},"fnMap":{},"branchMap":{},"s":{"0":1},"f":{},"b":{},"_coverageSchema":"1a1c01bbd47fc00a2c39e90264f33305004495a9","hash":"6e731ad458e1f5024389120e353be927fa78e798"}
}
