TN:
SF:script\card-movie.js
FN:3,getDynamicColor
FN:20,createMovieCard
FN:35,slideImage
FNF:3
FNH:2
FNDA:18,getDynamicColor
FNDA:4,createMovieCard
FNDA:0,slideImage
DA:4,18
DA:5,3
DA:7,15
DA:8,15
DA:9,1
DA:11,14
DA:12,30
DA:14,30
DA:15,12
DA:18,2
DA:21,4
DA:22,4
DA:32,4
DA:33,4
DA:36,0
DA:37,0
DA:39,0
DA:40,0
DA:42,0
DA:43,0
LF:20
LH:14
BRDA:4,0,0,3
BRDA:4,0,1,15
BRDA:4,1,0,18
BRDA:4,1,1,16
BRDA:4,1,2,15
BRDA:8,2,0,1
BRDA:8,2,1,14
BRDA:14,3,0,12
BRDA:14,3,1,18
BRDA:14,4,0,30
BRDA:14,4,1,27
BRDA:24,5,0,4
BRDA:24,5,1,2
BRDA:25,6,0,4
BRDA:25,6,1,2
BRDA:25,6,2,1
BRDA:28,7,0,4
BRDA:28,7,1,2
BRDA:28,7,2,1
BRDA:32,8,0,4
BRDA:32,8,1,0
BRDA:32,8,2,0
BRF:22
BRH:20
end_of_record
TN:
SF:script\colorRatingDiapazon.js
FNF:0
FNH:0
DA:1,1
LF:1
LH:1
BRF:0
BRH:0
end_of_record
